[INFO  - 2020-07-24T04:27:47.607Z] GhostDriver - Main - running on port 51639
[INFO  - 2020-07-24T04:27:52.076Z] Session [09a99b50-cd66-11ea-9655-c14fff451798] - page.settings - {"XSSAuditingEnabled":false,"javascriptCanCloseWindows":true,"javascriptCanOpenWindows":true,"javascriptEnabled":true,"loadImages":false,"localToRemoteUrlAccessEnabled":false,"userAgent":"Mozilla/5.0 (Windows NT 6.2; WOW64) AppleWebKit/538.1 (KHTML, like Gecko) PhantomJS/2.1.1 Safari/538.1","webSecurityEnabled":true}
[INFO  - 2020-07-24T04:27:52.076Z] Session [09a99b50-cd66-11ea-9655-c14fff451798] - page.customHeaders:  - {}
[INFO  - 2020-07-24T04:27:52.076Z] Session [09a99b50-cd66-11ea-9655-c14fff451798] - Session.negotiatedCapabilities - {"browserName":"phantomjs","version":"2.1.1","driverName":"ghostdriver","driverVersion":"1.2.0","platform":"windows-10-32bit","javascriptEnabled":true,"takesScreenshot":true,"handlesAlerts":false,"databaseEnabled":false,"locationContextEnabled":false,"applicationCacheEnabled":false,"browserConnectionEnabled":false,"cssSelectorsEnabled":true,"webStorageEnabled":false,"rotatable":false,"acceptSslCerts":false,"nativeEvents":true,"proxy":{"proxyType":"direct"}}
[INFO  - 2020-07-24T04:27:52.077Z] SessionManagerReqHand - _postNewSessionCommand - New Session Created: 09a99b50-cd66-11ea-9655-c14fff451798
[ERROR - 2020-07-24T04:27:52.091Z] RouterReqHand - _handle.error - {"name":"Missing Command Parameter","message":"{\"headers\":{\"Accept\":\"application/json\",\"Accept-Encoding\":\"identity\",\"Content-Length\":\"72\",\"Content-Type\":\"application/json;charset=UTF-8\",\"Host\":\"127.0.0.1:51639\",\"User-Agent\":\"selenium/3.141.0 (python windows)\"},\"httpVersion\":\"1.1\",\"method\":\"POST\",\"post\":\"{\\\"pageLoad\\\": 20000, \\\"sessionId\\\": \\\"09a99b50-cd66-11ea-9655-c14fff451798\\\"}\",\"url\":\"/timeouts\",\"urlParsed\":{\"anchor\":\"\",\"query\":\"\",\"file\":\"timeouts\",\"directory\":\"/\",\"path\":\"/timeouts\",\"relative\":\"/timeouts\",\"port\":\"\",\"host\":\"\",\"password\":\"\",\"user\":\"\",\"userInfo\":\"\",\"authority\":\"\",\"protocol\":\"\",\"source\":\"/timeouts\",\"queryKey\":{},\"chunks\":[\"timeouts\"]},\"urlOriginal\":\"/session/09a99b50-cd66-11ea-9655-c14fff451798/timeouts\"}","line":546,"sourceURL":"phantomjs://code/session_request_handler.js","stack":"_postTimeout@phantomjs://code/session_request_handler.js:546:73\n_handle@phantomjs://code/session_request_handler.js:148:25\n_reroute@phantomjs://code/request_handler.js:61:20\n_handle@phantomjs://code/router_request_handler.js:78:46"}

  phantomjs://platform/console++.js:263 in error
[ERROR - 2020-07-24T04:27:54.146Z] WebElementLocator - _handleLocateCommand - Element(s) NOT Found: GAVE UP. Search Stop Time: 1595564874117

  phantomjs://platform/console++.js:263 in error
[ERROR - 2020-07-24T04:27:55.121Z] WebElementLocator - _handleLocateCommand - Element(s) NOT Found: GAVE UP. Search Stop Time: 1595564875106

  phantomjs://platform/console++.js:263 in error
[ERROR - 2020-07-24T04:27:56.006Z] WebElementLocator - _handleLocateCommand - Element(s) NOT Found: GAVE UP. Search Stop Time: 1595564875980

  phantomjs://platform/console++.js:263 in error
[ERROR - 2020-07-24T04:27:56.889Z] WebElementLocator - _handleLocateCommand - Element(s) NOT Found: GAVE UP. Search Stop Time: 1595564876866

  phantomjs://platform/console++.js:263 in error
[ERROR - 2020-07-24T04:27:57.788Z] WebElementLocator - _handleLocateCommand - Element(s) NOT Found: GAVE UP. Search Stop Time: 1595564877749

  phantomjs://platform/console++.js:263 in error
[ERROR - 2020-07-24T04:27:58.691Z] WebElementLocator - _handleLocateCommand - Element(s) NOT Found: GAVE UP. Search Stop Time: 1595564878649

  phantomjs://platform/console++.js:263 in error
[ERROR - 2020-07-24T04:27:59.570Z] WebElementLocator - _handleLocateCommand - Element(s) NOT Found: GAVE UP. Search Stop Time: 1595564879551

  phantomjs://platform/console++.js:263 in error
[ERROR - 2020-07-24T04:28:00.443Z] WebElementLocator - _handleLocateCommand - Element(s) NOT Found: GAVE UP. Search Stop Time: 1595564880426

  phantomjs://platform/console++.js:263 in error
[ERROR - 2020-07-24T04:28:01.349Z] WebElementLocator - _handleLocateCommand - Element(s) NOT Found: GAVE UP. Search Stop Time: 1595564881306

  phantomjs://platform/console++.js:263 in error
[ERROR - 2020-07-24T04:28:02.255Z] WebElementLocator - _handleLocateCommand - Element(s) NOT Found: GAVE UP. Search Stop Time: 1595564882211

  phantomjs://platform/console++.js:263 in error
[ERROR - 2020-07-24T04:28:03.164Z] WebElementLocator - _handleLocateCommand - Element(s) NOT Found: GAVE UP. Search Stop Time: 1595564883117

  phantomjs://platform/console++.js:263 in error
[ERROR - 2020-07-24T04:28:04.053Z] WebElementLocator - _handleLocateCommand - Element(s) NOT Found: GAVE UP. Search Stop Time: 1595564884030

  phantomjs://platform/console++.js:263 in error
[ERROR - 2020-07-24T04:28:04.930Z] WebElementLocator - _handleLocateCommand - Element(s) NOT Found: GAVE UP. Search Stop Time: 1595564884911

  phantomjs://platform/console++.js:263 in error
[ERROR - 2020-07-24T04:28:05.836Z] WebElementLocator - _handleLocateCommand - Element(s) NOT Found: GAVE UP. Search Stop Time: 1595564885787

  phantomjs://platform/console++.js:263 in error
[ERROR - 2020-07-24T04:28:06.741Z] WebElementLocator - _handleLocateCommand - Element(s) NOT Found: GAVE UP. Search Stop Time: 1595564886694

  phantomjs://platform/console++.js:263 in error
[ERROR - 2020-07-24T04:28:07.649Z] WebElementLocator - _handleLocateCommand - Element(s) NOT Found: GAVE UP. Search Stop Time: 1595564887602

  phantomjs://platform/console++.js:263 in error
[ERROR - 2020-07-24T04:28:08.555Z] WebElementLocator - _handleLocateCommand - Element(s) NOT Found: GAVE UP. Search Stop Time: 1595564888510

  phantomjs://platform/console++.js:263 in error
[ERROR - 2020-07-24T04:28:09.461Z] WebElementLocator - _handleLocateCommand - Element(s) NOT Found: GAVE UP. Search Stop Time: 1595564889413

  phantomjs://platform/console++.js:263 in error
[ERROR - 2020-07-24T04:28:10.368Z] WebElementLocator - _handleLocateCommand - Element(s) NOT Found: GAVE UP. Search Stop Time: 1595564890320

  phantomjs://platform/console++.js:263 in error
[ERROR - 2020-07-24T04:28:11.273Z] WebElementLocator - _handleLocateCommand - Element(s) NOT Found: GAVE UP. Search Stop Time: 1595564891226

  phantomjs://platform/console++.js:263 in error
[ERROR - 2020-07-24T04:28:12.179Z] WebElementLocator - _handleLocateCommand - Element(s) NOT Found: GAVE UP. Search Stop Time: 1595564892136

  phantomjs://platform/console++.js:263 in error
[ERROR - 2020-07-24T04:28:13.100Z] WebElementLocator - _handleLocateCommand - Element(s) NOT Found: GAVE UP. Search Stop Time: 1595564893044

  phantomjs://platform/console++.js:263 in error
[ERROR - 2020-07-24T04:28:14.005Z] WebElementLocator - _handleLocateCommand - Element(s) NOT Found: GAVE UP. Search Stop Time: 1595564893961

  phantomjs://platform/console++.js:263 in error
[ERROR - 2020-07-24T04:28:15.283Z] WebElementLocator - _handleLocateCommand - Element(s) NOT Found: GAVE UP. Search Stop Time: 1595564895273

  phantomjs://platform/console++.js:263 in error
[ERROR - 2020-07-24T04:28:16.194Z] WebElementLocator - _handleLocateCommand - Element(s) NOT Found: GAVE UP. Search Stop Time: 1595564896154

  phantomjs://platform/console++.js:263 in error
[ERROR - 2020-07-24T04:28:17.069Z] WebElementLocator - _handleLocateCommand - Element(s) NOT Found: GAVE UP. Search Stop Time: 1595564897051

  phantomjs://platform/console++.js:263 in error
